<?xml version="1.0" encoding="UTF-8"?>
<!-- Generated by org.testng.reporters.JUnitReportReporter -->
<testsuite skipped="0" hostname="DESKTOP-6UHVP5N" name="calculator.cal.CalculatorTest" tests="9" failures="0" timestamp="2020-06-30T20:28:58 IST" time="0.049" errors="0">
  <testcase name="divInt" time="0.004" classname="calculator.cal.CalculatorTest"/>
  <system-out>
TestNG_ReportsAndLogs -> divInt  </system-out>
  <testcase name="divReal" time="0.005" classname="calculator.cal.CalculatorTest"/>
  <system-out>
TestNG_ReportsAndLogs -> divReal  </system-out>
  <testcase name="mod" time="0.008" classname="calculator.cal.CalculatorTest"/>
  <system-out>
TestNG_ReportsAndLogs -> Mod  </system-out>
  <testcase name="mul" time="0.002" classname="calculator.cal.CalculatorTest"/>
  <system-out>
TestNG_ReportsAndLogs -> mul  </system-out>
  <testcase name="negate" time="0.004" classname="calculator.cal.CalculatorTest"/>
  <system-out>
TestNG_ReportsAndLogs -> negate  </system-out>
  <testcase name="exp" time="0.003" classname="calculator.cal.CalculatorTest"/>
  <system-out>
TestNG_ReportsAndLogs -> Exp   </system-out>
  <testcase name="inverse" time="0.005" classname="calculator.cal.CalculatorTest"/>
  <system-out>
TestNG_ReportsAndLogs -> Inverse  </system-out>
  <testcase name="sub" time="0.003" classname="calculator.cal.CalculatorTest"/>
  <system-out>
TestNG_ReportsAndLogs -> Sub  </system-out>
  <testcase name="add" time="0.015" classname="calculator.cal.CalculatorTest"/>
  <system-out>
TestNG_ReportsAndLogs -> Add  </system-out>
</testsuite> <!-- calculator.cal.CalculatorTest -->
